mode: set
github.com/aleroxac/goexpert-weather-api-otel/configs/config.go:15.45,23.16 7 0
github.com/aleroxac/goexpert-weather-api-otel/configs/config.go:23.16,24.13 1 0
github.com/aleroxac/goexpert-weather-api-otel/configs/config.go:26.2,27.16 2 0
github.com/aleroxac/goexpert-weather-api-otel/configs/config.go:27.16,28.13 1 0
github.com/aleroxac/goexpert-weather-api-otel/configs/config.go:30.2,30.17 1 0
github.com/aleroxac/goexpert-weather-api-otel/configs/mock_config.go:3.25,13.2 1 0
github.com/aleroxac/goexpert-weather-api-otel/input-api/cmd/app/main.go:19.63,30.2 8 0
github.com/aleroxac/goexpert-weather-api-otel/input-api/cmd/app/main.go:32.13,34.2 1 0
github.com/aleroxac/goexpert-weather-api-otel/input-api/cmd/app/main.go:36.13,39.16 2 0
github.com/aleroxac/goexpert-weather-api-otel/input-api/cmd/app/main.go:39.16,40.13 1 0
github.com/aleroxac/goexpert-weather-api-otel/input-api/cmd/app/main.go:44.2,51.16 6 0
github.com/aleroxac/goexpert-weather-api-otel/input-api/cmd/app/main.go:51.16,53.3 1 0
github.com/aleroxac/goexpert-weather-api-otel/input-api/cmd/app/main.go:54.2,54.15 1 0
github.com/aleroxac/goexpert-weather-api-otel/input-api/cmd/app/main.go:54.15,55.39 1 0
github.com/aleroxac/goexpert-weather-api-otel/input-api/cmd/app/main.go:55.39,57.4 1 0
github.com/aleroxac/goexpert-weather-api-otel/input-api/cmd/app/main.go:61.2,61.12 1 0
github.com/aleroxac/goexpert-weather-api-otel/input-api/cmd/app/main.go:61.12,64.3 2 0
github.com/aleroxac/goexpert-weather-api-otel/input-api/cmd/app/main.go:66.2,66.9 1 0
github.com/aleroxac/goexpert-weather-api-otel/input-api/cmd/app/main.go:67.15,68.61 1 0
github.com/aleroxac/goexpert-weather-api-otel/input-api/cmd/app/main.go:69.20,70.51 1 0
github.com/aleroxac/goexpert-weather-api-otel/input-api/cmd/app/main.go:73.2,74.24 2 0
github.com/aleroxac/goexpert-weather-api-otel/input-api/internal/entity/cep.go:16.102,30.2 2 1
github.com/aleroxac/goexpert-weather-api-otel/input-api/internal/infra/web/webserver/starter.go:7.65,11.2 1 0
github.com/aleroxac/goexpert-weather-api-otel/input-api/internal/infra/web/webserver/webserver.go:18.49,24.2 1 0
github.com/aleroxac/goexpert-weather-api-otel/input-api/internal/infra/web/webserver/webserver.go:26.71,28.2 1 0
github.com/aleroxac/goexpert-weather-api-otel/input-api/internal/infra/web/webserver/webserver.go:30.29,38.40 7 0
github.com/aleroxac/goexpert-weather-api-otel/input-api/internal/infra/web/webserver/webserver.go:38.40,40.3 1 0
github.com/aleroxac/goexpert-weather-api-otel/input-api/internal/infra/web/webserver/webserver.go:41.2,41.48 1 0
github.com/aleroxac/goexpert-weather-api-otel/configs/config.go:15.45,23.16 7 0
github.com/aleroxac/goexpert-weather-api-otel/configs/config.go:23.16,24.13 1 0
github.com/aleroxac/goexpert-weather-api-otel/configs/config.go:26.2,27.16 2 0
github.com/aleroxac/goexpert-weather-api-otel/configs/config.go:27.16,28.13 1 0
github.com/aleroxac/goexpert-weather-api-otel/configs/config.go:30.2,30.17 1 0
github.com/aleroxac/goexpert-weather-api-otel/configs/mock_config.go:3.25,13.2 1 1
github.com/aleroxac/goexpert-weather-api-otel/input-api/internal/infra/web/cep_handler.go:23.79,29.2 1 0
github.com/aleroxac/goexpert-weather-api-otel/input-api/internal/infra/web/cep_handler.go:31.69,38.16 6 1
github.com/aleroxac/goexpert-weather-api-otel/input-api/internal/infra/web/cep_handler.go:38.16,41.3 2 0
github.com/aleroxac/goexpert-weather-api-otel/input-api/internal/infra/web/cep_handler.go:42.2,47.16 5 1
github.com/aleroxac/goexpert-weather-api-otel/input-api/internal/infra/web/cep_handler.go:47.16,50.3 2 0
github.com/aleroxac/goexpert-weather-api-otel/input-api/internal/infra/web/cep_handler.go:51.2,60.15 6 1
github.com/aleroxac/goexpert-weather-api-otel/input-api/internal/infra/web/cep_handler.go:60.15,63.3 2 0
github.com/aleroxac/goexpert-weather-api-otel/input-api/internal/infra/web/cep_handler.go:64.2,73.16 6 1
github.com/aleroxac/goexpert-weather-api-otel/input-api/internal/infra/web/cep_handler.go:73.16,76.3 2 0
github.com/aleroxac/goexpert-weather-api-otel/input-api/internal/infra/web/cep_handler.go:78.2,80.12 3 1
github.com/aleroxac/goexpert-weather-api-otel/input-api/internal/infra/web/status_handler.go:10.46,12.2 1 1
github.com/aleroxac/goexpert-weather-api-otel/input-api/internal/infra/web/status_handler.go:18.72,25.16 4 1
github.com/aleroxac/goexpert-weather-api-otel/input-api/internal/infra/web/status_handler.go:25.16,28.3 2 0
github.com/aleroxac/goexpert-weather-api-otel/configs/config.go:15.45,23.16 7 0
github.com/aleroxac/goexpert-weather-api-otel/configs/config.go:23.16,24.13 1 0
github.com/aleroxac/goexpert-weather-api-otel/configs/config.go:26.2,27.16 2 0
github.com/aleroxac/goexpert-weather-api-otel/configs/config.go:27.16,28.13 1 0
github.com/aleroxac/goexpert-weather-api-otel/configs/config.go:30.2,30.17 1 0
github.com/aleroxac/goexpert-weather-api-otel/configs/mock_config.go:3.25,13.2 1 1
github.com/aleroxac/goexpert-weather-api-otel/input-api/internal/infra/repo/cep_repository.go:17.98,22.2 1 1
github.com/aleroxac/goexpert-weather-api-otel/input-api/internal/infra/repo/cep_repository.go:24.58,27.2 2 1
github.com/aleroxac/goexpert-weather-api-otel/input-api/internal/infra/repo/cep_repository.go:29.55,40.16 4 1
github.com/aleroxac/goexpert-weather-api-otel/input-api/internal/infra/repo/cep_repository.go:40.16,43.3 2 0
github.com/aleroxac/goexpert-weather-api-otel/input-api/internal/infra/repo/cep_repository.go:45.2,46.16 2 1
github.com/aleroxac/goexpert-weather-api-otel/input-api/internal/infra/repo/cep_repository.go:46.16,49.3 2 0
github.com/aleroxac/goexpert-weather-api-otel/input-api/internal/infra/repo/cep_repository.go:50.2,53.20 3 1
github.com/aleroxac/goexpert-weather-api-otel/input-api/internal/infra/repo/cep_repository.go:53.20,54.10 1 0
github.com/aleroxac/goexpert-weather-api-otel/input-api/internal/infra/repo/cep_repository.go:55.21,58.14 3 0
github.com/aleroxac/goexpert-weather-api-otel/input-api/internal/infra/repo/cep_repository.go:62.2,62.12 1 1
github.com/aleroxac/goexpert-weather-api-otel/pkg/otel/otel_provider.go:20.90,29.16 3 0
github.com/aleroxac/goexpert-weather-api-otel/pkg/otel/otel_provider.go:29.16,31.3 1 0
github.com/aleroxac/goexpert-weather-api-otel/pkg/otel/otel_provider.go:33.2,41.16 4 0
github.com/aleroxac/goexpert-weather-api-otel/pkg/otel/otel_provider.go:41.16,43.3 1 0
github.com/aleroxac/goexpert-weather-api-otel/pkg/otel/otel_provider.go:45.2,46.16 2 0
github.com/aleroxac/goexpert-weather-api-otel/pkg/otel/otel_provider.go:46.16,48.3 1 0
github.com/aleroxac/goexpert-weather-api-otel/pkg/otel/otel_provider.go:50.2,60.37 5 0
github.com/aleroxac/goexpert-weather-api-otel/orchestrator-api/cmd/app/main.go:18.63,29.2 8 0
github.com/aleroxac/goexpert-weather-api-otel/orchestrator-api/cmd/app/main.go:31.13,34.16 2 0
github.com/aleroxac/goexpert-weather-api-otel/orchestrator-api/cmd/app/main.go:34.16,35.13 1 0
github.com/aleroxac/goexpert-weather-api-otel/orchestrator-api/cmd/app/main.go:39.2,46.16 6 0
github.com/aleroxac/goexpert-weather-api-otel/orchestrator-api/cmd/app/main.go:46.16,48.3 1 0
github.com/aleroxac/goexpert-weather-api-otel/orchestrator-api/cmd/app/main.go:49.2,49.15 1 0
github.com/aleroxac/goexpert-weather-api-otel/orchestrator-api/cmd/app/main.go:49.15,50.39 1 0
github.com/aleroxac/goexpert-weather-api-otel/orchestrator-api/cmd/app/main.go:50.39,52.4 1 0
github.com/aleroxac/goexpert-weather-api-otel/orchestrator-api/cmd/app/main.go:55.2,55.12 1 0
github.com/aleroxac/goexpert-weather-api-otel/orchestrator-api/cmd/app/main.go:55.12,58.3 2 0
github.com/aleroxac/goexpert-weather-api-otel/orchestrator-api/cmd/app/main.go:60.2,60.9 1 0
github.com/aleroxac/goexpert-weather-api-otel/orchestrator-api/cmd/app/main.go:61.15,62.61 1 0
github.com/aleroxac/goexpert-weather-api-otel/orchestrator-api/cmd/app/main.go:63.20,64.51 1 0
github.com/aleroxac/goexpert-weather-api-otel/orchestrator-api/cmd/app/main.go:67.2,68.24 2 0
github.com/aleroxac/goexpert-weather-api-otel/orchestrator-api/internal/entity/cep.go:16.102,30.2 2 1
github.com/aleroxac/goexpert-weather-api-otel/orchestrator-api/internal/entity/weather.go:23.76,30.2 1 1
github.com/aleroxac/goexpert-weather-api-otel/orchestrator-api/internal/entity/weather.go:32.77,36.2 3 1
github.com/aleroxac/goexpert-weather-api-otel/orchestrator-api/internal/infra/web/webserver/starter.go:7.65,11.2 1 0
github.com/aleroxac/goexpert-weather-api-otel/orchestrator-api/internal/infra/web/webserver/webserver.go:18.49,24.2 1 0
github.com/aleroxac/goexpert-weather-api-otel/orchestrator-api/internal/infra/web/webserver/webserver.go:26.71,28.2 1 0
github.com/aleroxac/goexpert-weather-api-otel/orchestrator-api/internal/infra/web/webserver/webserver.go:30.29,38.40 7 0
github.com/aleroxac/goexpert-weather-api-otel/orchestrator-api/internal/infra/web/webserver/webserver.go:38.40,40.3 1 0
github.com/aleroxac/goexpert-weather-api-otel/orchestrator-api/internal/infra/web/webserver/webserver.go:41.2,41.48 1 0
github.com/aleroxac/goexpert-weather-api-otel/configs/config.go:15.45,23.16 7 0
github.com/aleroxac/goexpert-weather-api-otel/configs/config.go:23.16,24.13 1 0
github.com/aleroxac/goexpert-weather-api-otel/configs/config.go:26.2,27.16 2 0
github.com/aleroxac/goexpert-weather-api-otel/configs/config.go:27.16,28.13 1 0
github.com/aleroxac/goexpert-weather-api-otel/configs/config.go:30.2,30.17 1 0
github.com/aleroxac/goexpert-weather-api-otel/configs/mock_config.go:3.25,13.2 1 1
github.com/aleroxac/goexpert-weather-api-otel/input-api/internal/usecase/get_cep.go:28.84,32.2 1 1
github.com/aleroxac/goexpert-weather-api-otel/input-api/internal/usecase/get_cep.go:34.58,40.16 3 1
github.com/aleroxac/goexpert-weather-api-otel/input-api/internal/usecase/get_cep.go:40.16,42.3 1 1
github.com/aleroxac/goexpert-weather-api-otel/input-api/internal/usecase/get_cep.go:44.2,44.12 1 1
github.com/aleroxac/goexpert-weather-api-otel/input-api/internal/usecase/validate_cep.go:19.94,23.2 1 1
github.com/aleroxac/goexpert-weather-api-otel/input-api/internal/usecase/validate_cep.go:25.70,27.2 1 1
github.com/aleroxac/goexpert-weather-api-otel/configs/config.go:15.45,23.16 7 0
github.com/aleroxac/goexpert-weather-api-otel/configs/config.go:23.16,24.13 1 0
github.com/aleroxac/goexpert-weather-api-otel/configs/config.go:26.2,27.16 2 0
github.com/aleroxac/goexpert-weather-api-otel/configs/config.go:27.16,28.13 1 0
github.com/aleroxac/goexpert-weather-api-otel/configs/config.go:30.2,30.17 1 0
github.com/aleroxac/goexpert-weather-api-otel/configs/mock_config.go:3.25,13.2 1 1
github.com/aleroxac/goexpert-weather-api-otel/orchestrator-api/internal/infra/web/cep_handler.go:24.79,31.2 1 0
github.com/aleroxac/goexpert-weather-api-otel/orchestrator-api/internal/infra/web/cep_handler.go:33.69,49.15 10 1
github.com/aleroxac/goexpert-weather-api-otel/orchestrator-api/internal/infra/web/cep_handler.go:49.15,52.3 2 0
github.com/aleroxac/goexpert-weather-api-otel/orchestrator-api/internal/infra/web/cep_handler.go:53.2,63.16 6 1
github.com/aleroxac/goexpert-weather-api-otel/orchestrator-api/internal/infra/web/cep_handler.go:63.16,66.3 2 0
github.com/aleroxac/goexpert-weather-api-otel/orchestrator-api/internal/infra/web/cep_handler.go:68.2,68.33 1 1
github.com/aleroxac/goexpert-weather-api-otel/orchestrator-api/internal/infra/web/cep_handler.go:68.33,71.3 2 0
github.com/aleroxac/goexpert-weather-api-otel/orchestrator-api/internal/infra/web/cep_handler.go:72.2,82.113 6 1
github.com/aleroxac/goexpert-weather-api-otel/orchestrator-api/internal/infra/web/cep_handler.go:82.113,85.3 2 0
github.com/aleroxac/goexpert-weather-api-otel/orchestrator-api/internal/infra/web/cep_handler.go:87.2,89.16 3 1
github.com/aleroxac/goexpert-weather-api-otel/orchestrator-api/internal/infra/web/cep_handler.go:89.16,92.3 2 0
github.com/aleroxac/goexpert-weather-api-otel/orchestrator-api/internal/infra/web/cep_handler.go:93.2,93.12 1 1
github.com/aleroxac/goexpert-weather-api-otel/orchestrator-api/internal/infra/web/status_handler.go:10.46,12.2 1 1
github.com/aleroxac/goexpert-weather-api-otel/orchestrator-api/internal/infra/web/status_handler.go:18.72,25.16 4 1
github.com/aleroxac/goexpert-weather-api-otel/orchestrator-api/internal/infra/web/status_handler.go:25.16,28.3 2 0
github.com/aleroxac/goexpert-weather-api-otel/orchestrator-api/internal/infra/repo/cep_repository.go:18.40,20.2 1 1
github.com/aleroxac/goexpert-weather-api-otel/orchestrator-api/internal/infra/repo/cep_repository.go:22.58,25.2 2 1
github.com/aleroxac/goexpert-weather-api-otel/orchestrator-api/internal/infra/repo/cep_repository.go:27.65,32.16 4 1
github.com/aleroxac/goexpert-weather-api-otel/orchestrator-api/internal/infra/repo/cep_repository.go:32.16,35.3 2 0
github.com/aleroxac/goexpert-weather-api-otel/orchestrator-api/internal/infra/repo/cep_repository.go:37.2,38.16 2 1
github.com/aleroxac/goexpert-weather-api-otel/orchestrator-api/internal/infra/repo/cep_repository.go:38.16,41.3 2 0
github.com/aleroxac/goexpert-weather-api-otel/orchestrator-api/internal/infra/repo/cep_repository.go:42.2,45.20 3 1
github.com/aleroxac/goexpert-weather-api-otel/orchestrator-api/internal/infra/repo/cep_repository.go:45.20,46.10 1 0
github.com/aleroxac/goexpert-weather-api-otel/orchestrator-api/internal/infra/repo/cep_repository.go:47.21,50.19 3 0
github.com/aleroxac/goexpert-weather-api-otel/orchestrator-api/internal/infra/repo/cep_repository.go:54.2,55.16 2 1
github.com/aleroxac/goexpert-weather-api-otel/orchestrator-api/internal/infra/repo/cep_repository.go:55.16,58.3 2 0
github.com/aleroxac/goexpert-weather-api-otel/orchestrator-api/internal/infra/repo/cep_repository.go:60.2,60.23 1 1
github.com/aleroxac/goexpert-weather-api-otel/orchestrator-api/internal/infra/repo/cep_repository.go:63.75,67.16 3 1
github.com/aleroxac/goexpert-weather-api-otel/orchestrator-api/internal/infra/repo/cep_repository.go:67.16,70.3 2 0
github.com/aleroxac/goexpert-weather-api-otel/orchestrator-api/internal/infra/repo/cep_repository.go:71.2,71.18 1 1
github.com/aleroxac/goexpert-weather-api-otel/orchestrator-api/internal/infra/repo/weather_repository.go:24.65,28.2 1 1
github.com/aleroxac/goexpert-weather-api-otel/orchestrator-api/internal/infra/repo/weather_repository.go:30.78,46.16 5 1
github.com/aleroxac/goexpert-weather-api-otel/orchestrator-api/internal/infra/repo/weather_repository.go:46.16,49.3 2 0
github.com/aleroxac/goexpert-weather-api-otel/orchestrator-api/internal/infra/repo/weather_repository.go:51.2,52.16 2 1
github.com/aleroxac/goexpert-weather-api-otel/orchestrator-api/internal/infra/repo/weather_repository.go:52.16,55.3 2 0
github.com/aleroxac/goexpert-weather-api-otel/orchestrator-api/internal/infra/repo/weather_repository.go:56.2,59.20 3 1
github.com/aleroxac/goexpert-weather-api-otel/orchestrator-api/internal/infra/repo/weather_repository.go:59.20,60.10 1 0
github.com/aleroxac/goexpert-weather-api-otel/orchestrator-api/internal/infra/repo/weather_repository.go:61.21,64.19 3 0
github.com/aleroxac/goexpert-weather-api-otel/orchestrator-api/internal/infra/repo/weather_repository.go:68.2,69.16 2 1
github.com/aleroxac/goexpert-weather-api-otel/orchestrator-api/internal/infra/repo/weather_repository.go:69.16,72.3 2 0
github.com/aleroxac/goexpert-weather-api-otel/orchestrator-api/internal/infra/repo/weather_repository.go:74.2,74.60 1 1
github.com/aleroxac/goexpert-weather-api-otel/orchestrator-api/internal/infra/repo/weather_repository.go:74.60,76.3 1 0
github.com/aleroxac/goexpert-weather-api-otel/orchestrator-api/internal/infra/repo/weather_repository.go:78.2,78.23 1 1
github.com/aleroxac/goexpert-weather-api-otel/orchestrator-api/internal/infra/repo/weather_repository.go:81.112,84.16 3 1
github.com/aleroxac/goexpert-weather-api-otel/orchestrator-api/internal/infra/repo/weather_repository.go:84.16,87.3 2 0
github.com/aleroxac/goexpert-weather-api-otel/orchestrator-api/internal/infra/repo/weather_repository.go:89.2,89.26 1 1
github.com/aleroxac/goexpert-weather-api-otel/orchestrator-api/internal/infra/repo/weather_repository.go:92.113,96.2 3 1
github.com/aleroxac/goexpert-weather-api-otel/configs/config.go:15.45,23.16 7 0
github.com/aleroxac/goexpert-weather-api-otel/configs/config.go:23.16,24.13 1 0
github.com/aleroxac/goexpert-weather-api-otel/configs/config.go:26.2,27.16 2 0
github.com/aleroxac/goexpert-weather-api-otel/configs/config.go:27.16,28.13 1 0
github.com/aleroxac/goexpert-weather-api-otel/configs/config.go:30.2,30.17 1 0
github.com/aleroxac/goexpert-weather-api-otel/configs/mock_config.go:3.25,13.2 1 1
github.com/aleroxac/goexpert-weather-api-otel/orchestrator-api/internal/usecase/get_cep.go:30.84,34.2 1 1
github.com/aleroxac/goexpert-weather-api-otel/orchestrator-api/internal/usecase/get_cep.go:36.74,42.66 3 1
github.com/aleroxac/goexpert-weather-api-otel/orchestrator-api/internal/usecase/get_cep.go:42.66,44.3 1 0
github.com/aleroxac/goexpert-weather-api-otel/orchestrator-api/internal/usecase/get_cep.go:46.2,47.16 2 1
github.com/aleroxac/goexpert-weather-api-otel/orchestrator-api/internal/usecase/get_cep.go:47.16,49.3 1 1
github.com/aleroxac/goexpert-weather-api-otel/orchestrator-api/internal/usecase/get_cep.go:51.2,64.17 2 1
github.com/aleroxac/goexpert-weather-api-otel/orchestrator-api/internal/usecase/get_weather.go:26.100,30.2 1 1
github.com/aleroxac/goexpert-weather-api-otel/orchestrator-api/internal/usecase/get_weather.go:32.86,33.28 1 1
github.com/aleroxac/goexpert-weather-api-otel/orchestrator-api/internal/usecase/get_weather.go:33.28,35.3 1 1
github.com/aleroxac/goexpert-weather-api-otel/orchestrator-api/internal/usecase/get_weather.go:37.2,37.24 1 1
github.com/aleroxac/goexpert-weather-api-otel/orchestrator-api/internal/usecase/get_weather.go:37.24,39.3 1 1
github.com/aleroxac/goexpert-weather-api-otel/orchestrator-api/internal/usecase/get_weather.go:41.2,42.76 2 1
github.com/aleroxac/goexpert-weather-api-otel/orchestrator-api/internal/usecase/get_weather.go:42.76,44.3 1 1
github.com/aleroxac/goexpert-weather-api-otel/orchestrator-api/internal/usecase/get_weather.go:46.2,47.16 2 1
github.com/aleroxac/goexpert-weather-api-otel/orchestrator-api/internal/usecase/get_weather.go:47.16,49.3 1 0
github.com/aleroxac/goexpert-weather-api-otel/orchestrator-api/internal/usecase/get_weather.go:51.2,52.16 2 1
github.com/aleroxac/goexpert-weather-api-otel/orchestrator-api/internal/usecase/get_weather.go:52.16,54.3 1 0
github.com/aleroxac/goexpert-weather-api-otel/orchestrator-api/internal/usecase/get_weather.go:56.2,63.17 2 1
github.com/aleroxac/goexpert-weather-api-otel/orchestrator-api/internal/usecase/validate_cep.go:19.94,23.2 1 1
github.com/aleroxac/goexpert-weather-api-otel/orchestrator-api/internal/usecase/validate_cep.go:25.70,27.2 1 1
